<?xml version="1.0" encoding="UTF-8"?>
<!-- Generated by org.testng.reporters.JUnitReportReporter -->
<testsuite hostname="INDELTNF613" name="com.tnf.testcases.MainTest" tests="1" failures="0" timestamp="4 Sep 2017 09:15:51 GMT" time="143.345" errors="0">
  <testcase name="applicationTest" time="143.345" classname="com.tnf.testcases.MainTest"/>
</testsuite> <!-- com.tnf.testcases.MainTest -->
